Determining if the pthread_create exist failed with the following output:
Change Dir: /home/robond/workspace/catkin_ws/build/CMakeFiles/CMakeTmp

Run Build Command:"/usr/bin/make" "cmTC_dc14a/fast"
/usr/bin/make -f CMakeFiles/cmTC_dc14a.dir/build.make CMakeFiles/cmTC_dc14a.dir/build
make[1]: Entering directory '/home/robond/workspace/catkin_ws/build/CMakeFiles/CMakeTmp'
Building C object CMakeFiles/cmTC_dc14a.dir/CheckSymbolExists.c.o
/usr/bin/cc     -o CMakeFiles/cmTC_dc14a.dir/CheckSymbolExists.c.o   -c /home/robond/workspace/catkin_ws/build/CMakeFiles/CMakeTmp/CheckSymbolExists.c
Linking C executable cmTC_dc14a
/usr/bin/cmake -E cmake_link_script CMakeFiles/cmTC_dc14a.dir/link.txt --verbose=1
/usr/bin/cc       CMakeFiles/cmTC_dc14a.dir/CheckSymbolExists.c.o  -o cmTC_dc14a -rdynamic 
CMakeFiles/cmTC_dc14a.dir/CheckSymbolExists.c.o: In function `main':
CheckSymbolExists.c:(.text+0x16): undefined reference to `pthread_create'
collect2: error: ld returned 1 exit status
CMakeFiles/cmTC_dc14a.dir/build.make:97: recipe for target 'cmTC_dc14a' failed
make[1]: *** [cmTC_dc14a] Error 1
make[1]: Leaving directory '/home/robond/workspace/catkin_ws/build/CMakeFiles/CMakeTmp'
Makefile:126: recipe for target 'cmTC_dc14a/fast' failed
make: *** [cmTC_dc14a/fast] Error 2

File /home/robond/workspace/catkin_ws/build/CMakeFiles/CMakeTmp/CheckSymbolExists.c:
/* */
#include <pthread.h>

int main(int argc, char** argv)
{
  (void)argv;
#ifndef pthread_create
  return ((int*)(&pthread_create))[argc];
#else
  (void)argc;
  return 0;
#endif
}

Determining if the function pthread_create exists in the pthreads failed with the following output:
Change Dir: /home/robond/workspace/catkin_ws/build/CMakeFiles/CMakeTmp

Run Build Command:"/usr/bin/make" "cmTC_47af2/fast"
/usr/bin/make -f CMakeFiles/cmTC_47af2.dir/build.make CMakeFiles/cmTC_47af2.dir/build
make[1]: Entering directory '/home/robond/workspace/catkin_ws/build/CMakeFiles/CMakeTmp'
Building C object CMakeFiles/cmTC_47af2.dir/CheckFunctionExists.c.o
/usr/bin/cc    -DCHECK_FUNCTION_EXISTS=pthread_create   -o CMakeFiles/cmTC_47af2.dir/CheckFunctionExists.c.o   -c /usr/share/cmake-3.5/Modules/CheckFunctionExists.c
Linking C executable cmTC_47af2
/usr/bin/cmake -E cmake_link_script CMakeFiles/cmTC_47af2.dir/link.txt --verbose=1
/usr/bin/cc   -DCHECK_FUNCTION_EXISTS=pthread_create    CMakeFiles/cmTC_47af2.dir/CheckFunctionExists.c.o  -o cmTC_47af2 -rdynamic -lpthreads 
/usr/bin/ld: cannot find -lpthreads
collect2: error: ld returned 1 exit status
CMakeFiles/cmTC_47af2.dir/build.make:97: recipe for target 'cmTC_47af2' failed
make[1]: *** [cmTC_47af2] Error 1
make[1]: Leaving directory '/home/robond/workspace/catkin_ws/build/CMakeFiles/CMakeTmp'
Makefile:126: recipe for target 'cmTC_47af2/fast' failed
make: *** [cmTC_47af2/fast] Error 2


